<?xml version="1.0" encoding="UTF-8"?>
<!-- Generated by org.testng.reporters.JUnitReportReporter -->
<testsuite hostname="Fahad" failures="0" tests="1" name="Assertion.LoginTest" time="28.575" errors="0" timestamp="2023-05-31T21:48:35 BDT" skipped="0">
  <testcase classname="Assertion.LoginTest" name="flightReservationLogin" time="28.575"/>
  <system-out/>
</testsuite> <!-- Assertion.LoginTest -->
