<?xml version="1.0" encoding="UTF-8"?>
<!-- Generated by org.testng.reporters.JUnitReportReporter -->
<testsuite hostname="Fahad" failures="0" tests="2" name="TestNG_All_Demo.LoginTest" time="0.026" errors="0" timestamp="2023-05-31T11:54:34 BDT" skipped="1">
  <testcase classname="TestNG_All_Demo.LoginTest" name="Logout" time="0.026"/>
  <system-out/>
  <testcase classname="TestNG_All_Demo.LoginTest" name="Login">
    <skipped/>
  </testcase> <!-- Login -->
  <system-out/>
</testsuite> <!-- TestNG_All_Demo.LoginTest -->
