<?xml version="1.0" encoding="UTF-8"?>
<!-- Generated by org.testng.reporters.JUnitReportReporter -->
<testsuite hostname="Fahad" failures="0" tests="4" name="TestNG_All_Demo.GroupTestNg" time="0.032" errors="0" timestamp="2023-05-31T12:46:04 BDT" skipped="0">
  <testcase classname="TestNG_All_Demo.GroupTestNg" name="Test_Four" time="0.019"/>
  <system-out/>
  <testcase classname="TestNG_All_Demo.GroupTestNg" name="test_One" time="0.007"/>
  <system-out/>
  <testcase classname="TestNG_All_Demo.GroupTestNg" name="Test_Three" time="0.003"/>
  <system-out/>
  <testcase classname="TestNG_All_Demo.GroupTestNg" name="Test_Two" time="0.003"/>
  <system-out/>
</testsuite> <!-- TestNG_All_Demo.GroupTestNg -->
