<?xml version="1.0" encoding="UTF-8"?>
<!-- Generated by org.testng.reporters.JUnitReportReporter -->
<testsuite hostname="Fahad" failures="0" tests="1" name="Assertion.HardAssertion" time="0.044" errors="0" timestamp="2023-06-06T21:49:51 BDT" skipped="0">
  <testcase classname="Assertion.HardAssertion" name="test_One" time="0.044"/>
  <system-out/>
</testsuite> <!-- Assertion.HardAssertion -->
